<?xml version="1.0" encoding="utf-8"?>
<test-run id="2" testcasecount="1" result="Passed" total="1" passed="1" failed="0" inconclusive="0" skipped="0" asserts="0" engine-version="3.5.0.0" clr-version="4.0.30319.42000" start-time="2026-09-26 07:29:53Z" end-time="2026-09-26 07:30:35Z" duration="41.7948881">
  <test-suite type="TestSuite" id="1010" name="unity-physics-integration-6c35ed56234f4c81a1ed908386956eb4" fullname="unity-physics-integration-6c35ed56234f4c81a1ed908386956eb4" runstate="Runnable" testcasecount="2" result="Passed" start-time="2026-09-26 07:29:53Z" end-time="2026-09-26 07:30:35Z" duration="41.794888" total="1" passed="1" failed="0" inconclusive="0" skipped="0" asserts="0">
    <properties>
      <property name="platform" value="PlayMode" />
    </properties>
    <test-suite type="Assembly" id="1005" name="InhaExpress.Client.Tests.PlayMode.dll" fullname="C:/Users/Yeop/Documents/GitHub/inha-autonomous-mobility/tmp/unity-physics-integration-6c35ed56234f4c81a1ed908386956eb4/Library/ScriptAssemblies/InhaExpress.Client.Tests.PlayMode.dll" runstate="Runnable" testcasecount="2" result="Passed" start-time="2026-09-26 07:29:53Z" end-time="2026-09-26 07:30:35Z" duration="41.785750" total="1" passed="1" failed="0" inconclusive="0" skipped="0" asserts="0">
      <properties>
        <property name="_PID" value="18780" />
        <property name="_APPDOMAIN" value="Unity Child Domain" />
        <property name="platform" value="PlayMode" />
        <property name="EditorOnly" value="False" />
      </properties>
      <test-suite type="TestSuite" id="1006" name="InhaExpress" fullname="InhaExpress" runstate="Runnable" testcasecount="2" result="Passed" start-time="2026-09-26 07:29:53Z" end-time="2026-09-26 07:30:35Z" duration="41.783140" total="1" passed="1" failed="0" inconclusive="0" skipped="0" asserts="0">
        <properties />
        <test-suite type="TestSuite" id="1007" name="Client" fullname="InhaExpress.Client" runstate="Runnable" testcasecount="2" result="Passed" start-time="2026-09-26 07:29:53Z" end-time="2026-09-26 07:30:35Z" duration="41.782858" total="1" passed="1" failed="0" inconclusive="0" skipped="0" asserts="0">
          <properties />
          <test-suite type="TestSuite" id="1008" name="Tests" fullname="InhaExpress.Client.Tests" runstate="Runnable" testcasecount="2" result="Passed" start-time="2026-09-26 07:29:53Z" end-time="2026-09-26 07:30:35Z" duration="41.782562" total="1" passed="1" failed="0" inconclusive="0" skipped="0" asserts="0">
            <properties />
            <test-suite type="TestFixture" id="1003" name="VehicleServiceIntegrationTests" fullname="InhaExpress.Client.Tests.VehicleServiceIntegrationTests" classname="InhaExpress.Client.Tests.VehicleServiceIntegrationTests" runstate="Runnable" testcasecount="1" result="Passed" start-time="2026-09-26 07:29:53Z" end-time="2026-09-26 07:30:35Z" duration="41.781424" total="1" passed="1" failed="0" inconclusive="0" skipped="0" asserts="0">
              <properties />
              <test-case id="1004" name="MobilePassengerAndOperatorCargoCompleteUsingPhysicsSensorStopAndRecovery" fullname="InhaExpress.Client.Tests.VehicleServiceIntegrationTests.MobilePassengerAndOperatorCargoCompleteUsingPhysicsSensorStopAndRecovery" methodname="MobilePassengerAndOperatorCargoCompleteUsingPhysicsSensorStopAndRecovery" classname="InhaExpress.Client.Tests.VehicleServiceIntegrationTests" runstate="Runnable" seed="690509143" result="Passed" start-time="2026-09-26 07:29:53Z" end-time="2026-09-26 07:30:35Z" duration="41.769012" asserts="0">
                <properties>
                  <property name="_JOINTYPE" value="UnityCombinatorial" />
                  <property name="Category" value="PythonIntegration" />
                  <property name="retryIteration" value="0" />
                  <property name="repeatIteration" value="0" />
                </properties>
                <output><![CDATA[Integration obstacle: Unity-owned synthetic pedestrian
Spawned Unity physics actor for server vehicle V01
Spawned Unity physics actor for server vehicle V01
Physics passenger/cargo completed: poseACK=371, sensorACK=371, rejectedSensor=0
Saving results to: C:\Users\Yeop\Documents\GitHub\inha-autonomous-mobility\tmp\unity-physics-integration-6c35ed56234f4c81a1ed908386956eb4\results.xml
]]></output>
              </test-case>
            </test-suite>
          </test-suite>
        </test-suite>
      </test-suite>
    </test-suite>
  </test-suite>
</test-run>