<?xml version="1.0" encoding="utf-8"?>
<test-run id="2" testcasecount="1" result="Passed" total="1" passed="1" failed="0" inconclusive="0" skipped="0" asserts="0" engine-version="3.5.0.0" clr-version="4.0.30319.42000" start-time="2026-09-26 08:33:46Z" end-time="2026-09-26 08:34:12Z" duration="25.2711185">
  <test-suite type="TestSuite" id="1012" name="unity-physics-integration-4d09ff681bd54cef84682b3cb30ac3c7" fullname="unity-physics-integration-4d09ff681bd54cef84682b3cb30ac3c7" runstate="Runnable" testcasecount="3" result="Passed" start-time="2026-09-26 08:33:46Z" end-time="2026-09-26 08:34:12Z" duration="25.271119" total="1" passed="1" failed="0" inconclusive="0" skipped="0" asserts="0">
    <properties>
      <property name="platform" value="PlayMode" />
    </properties>
    <test-suite type="Assembly" id="1007" name="InhaExpress.Client.Tests.PlayMode.dll" fullname="C:/Users/Yeop/Documents/GitHub/inha-autonomous-mobility/tmp/unity-physics-integration-4d09ff681bd54cef84682b3cb30ac3c7/Library/ScriptAssemblies/InhaExpress.Client.Tests.PlayMode.dll" runstate="Runnable" testcasecount="3" result="Passed" start-time="2026-09-26 08:33:47Z" end-time="2026-09-26 08:34:12Z" duration="25.259479" total="1" passed="1" failed="0" inconclusive="0" skipped="0" asserts="0">
      <properties>
        <property name="_PID" value="9276" />
        <property name="_APPDOMAIN" value="Unity Child Domain" />
        <property name="platform" value="PlayMode" />
        <property name="EditorOnly" value="False" />
      </properties>
      <test-suite type="TestSuite" id="1008" name="InhaExpress" fullname="InhaExpress" runstate="Runnable" testcasecount="3" result="Passed" start-time="2026-09-26 08:33:47Z" end-time="2026-09-26 08:34:12Z" duration="25.258878" total="1" passed="1" failed="0" inconclusive="0" skipped="0" asserts="0">
        <properties />
        <test-suite type="TestSuite" id="1009" name="Client" fullname="InhaExpress.Client" runstate="Runnable" testcasecount="3" result="Passed" start-time="2026-09-26 08:33:47Z" end-time="2026-09-26 08:34:12Z" duration="25.258608" total="1" passed="1" failed="0" inconclusive="0" skipped="0" asserts="0">
          <properties />
          <test-suite type="TestSuite" id="1010" name="Tests" fullname="InhaExpress.Client.Tests" runstate="Runnable" testcasecount="3" result="Passed" start-time="2026-09-26 08:33:47Z" end-time="2026-09-26 08:34:12Z" duration="25.258333" total="1" passed="1" failed="0" inconclusive="0" skipped="0" asserts="0">
            <properties />
            <test-suite type="TestFixture" id="1001" name="CrossingServiceIntegrationTests" fullname="InhaExpress.Client.Tests.CrossingServiceIntegrationTests" classname="InhaExpress.Client.Tests.CrossingServiceIntegrationTests" runstate="Runnable" testcasecount="1" result="Passed" start-time="2026-09-26 08:33:47Z" end-time="2026-09-26 08:34:12Z" duration="25.257122" total="1" passed="1" failed="0" inconclusive="0" skipped="0" asserts="0">
              <properties />
              <test-case id="1002" name="LateralLidarCrossingStopsOutsideForwardSectorAndCompletesPassenger" fullname="InhaExpress.Client.Tests.CrossingServiceIntegrationTests.LateralLidarCrossingStopsOutsideForwardSectorAndCompletesPassenger" methodname="LateralLidarCrossingStopsOutsideForwardSectorAndCompletesPassenger" classname="InhaExpress.Client.Tests.CrossingServiceIntegrationTests" runstate="Runnable" seed="323567843" result="Passed" start-time="2026-09-26 08:33:47Z" end-time="2026-09-26 08:34:12Z" duration="25.243304" asserts="0">
                <properties>
                  <property name="_JOINTYPE" value="UnityCombinatorial" />
                  <property name="retryIteration" value="0" />
                  <property name="repeatIteration" value="0" />
                </properties>
                <output><![CDATA[Spawned Unity physics actor for server vehicle V01
Spawned Unity physics actor for server vehicle V01
Recreated command actor: sequence 246 -> 248
Crossing completed: pythonControl=True, sensorACK=222, rejected=0, sampledMinClearance=0.846m, stopForward=1.690, stopLateral=4.557
Saving results to: C:\Users\Yeop\Documents\GitHub\inha-autonomous-mobility\tmp\unity-physics-integration-4d09ff681bd54cef84682b3cb30ac3c7\results.xml
]]></output>
              </test-case>
            </test-suite>
          </test-suite>
        </test-suite>
      </test-suite>
    </test-suite>
  </test-suite>
</test-run>