<?xml version="1.0" encoding="utf-8"?>
<test-run id="2" testcasecount="13" result="Passed" total="13" passed="13" failed="0" inconclusive="0" skipped="0" asserts="0" engine-version="3.5.0.0" clr-version="4.0.30319.42000" start-time="2026-09-26 04:41:08Z" end-time="2026-09-26 04:41:09Z" duration="0.1339699">
  <test-suite type="TestSuite" id="1000" name="unity-prefabs-8bf3e1bf15d242a58a5f006af95639cc" fullname="unity-prefabs-8bf3e1bf15d242a58a5f006af95639cc" runstate="Runnable" testcasecount="13" result="Passed" start-time="2026-09-26 04:41:08Z" end-time="2026-09-26 04:41:09Z" duration="0.133970" total="13" passed="13" failed="0" inconclusive="0" skipped="0" asserts="0">
    <properties>
      <property name="platform" value="EditMode" />
    </properties>
    <test-suite type="Assembly" id="1016" name="InhaExpress.Client.Tests.EditMode.dll" fullname="C:/Users/Yeop/Documents/GitHub/inha-autonomous-mobility/tmp/unity-prefabs-8bf3e1bf15d242a58a5f006af95639cc/Library/ScriptAssemblies/InhaExpress.Client.Tests.EditMode.dll" runstate="Runnable" testcasecount="13" result="Passed" start-time="2026-09-26 04:41:08Z" end-time="2026-09-26 04:41:09Z" duration="0.125008" total="13" passed="13" failed="0" inconclusive="0" skipped="0" asserts="0">
      <properties>
        <property name="_PID" value="11252" />
        <property name="_APPDOMAIN" value="Unity Child Domain" />
        <property name="platform" value="EditMode" />
        <property name="EditorOnly" value="True" />
      </properties>
      <test-suite type="TestSuite" id="1017" name="InhaExpress" fullname="InhaExpress" runstate="Runnable" testcasecount="13" result="Passed" start-time="2026-09-26 04:41:08Z" end-time="2026-09-26 04:41:09Z" duration="0.124630" total="13" passed="13" failed="0" inconclusive="0" skipped="0" asserts="0">
        <properties />
        <test-suite type="TestSuite" id="1018" name="Client" fullname="InhaExpress.Client" runstate="Runnable" testcasecount="13" result="Passed" start-time="2026-09-26 04:41:08Z" end-time="2026-09-26 04:41:09Z" duration="0.124516" total="13" passed="13" failed="0" inconclusive="0" skipped="0" asserts="0">
          <properties />
          <test-suite type="TestSuite" id="1019" name="Tests" fullname="InhaExpress.Client.Tests" runstate="Runnable" testcasecount="13" result="Passed" start-time="2026-09-26 04:41:08Z" end-time="2026-09-26 04:41:09Z" duration="0.124377" total="13" passed="13" failed="0" inconclusive="0" skipped="0" asserts="0">
            <properties />
            <test-suite type="TestFixture" id="1001" name="VehicleActorSpawnerTests" fullname="InhaExpress.Client.Tests.VehicleActorSpawnerTests" classname="InhaExpress.Client.Tests.VehicleActorSpawnerTests" runstate="Runnable" testcasecount="13" result="Passed" start-time="2026-09-26 04:41:08Z" end-time="2026-09-26 04:41:09Z" duration="0.123590" total="13" passed="13" failed="0" inconclusive="0" skipped="0" asserts="0">
              <properties />
              <test-case id="1010" name="FixtureSnapshotDoesNotSpawnPhysicsActors" fullname="InhaExpress.Client.Tests.VehicleActorSpawnerTests.FixtureSnapshotDoesNotSpawnPhysicsActors" methodname="FixtureSnapshotDoesNotSpawnPhysicsActors" classname="InhaExpress.Client.Tests.VehicleActorSpawnerTests" runstate="Runnable" seed="844644892" result="Passed" start-time="2026-09-26 04:41:08Z" end-time="2026-09-26 04:41:08Z" duration="0.047018" asserts="0">
                <properties>
                  <property name="retryIteration" value="0" />
                  <property name="repeatIteration" value="0" />
                </properties>
              </test-case>
              <test-case id="1015" name="MissingRouteOrMapChangeClearsPreviouslyAcceptedRoute" fullname="InhaExpress.Client.Tests.VehicleActorSpawnerTests.MissingRouteOrMapChangeClearsPreviouslyAcceptedRoute" methodname="MissingRouteOrMapChangeClearsPreviouslyAcceptedRoute" classname="InhaExpress.Client.Tests.VehicleActorSpawnerTests" runstate="Runnable" seed="1009930391" result="Passed" start-time="2026-09-26 04:41:08Z" end-time="2026-09-26 04:41:08Z" duration="0.027890" asserts="0">
                <properties>
                  <property name="retryIteration" value="0" />
                  <property name="repeatIteration" value="0" />
                </properties>
                <output><![CDATA[Spawned Unity physics actor for server vehicle spawner-test-vehicle
]]></output>
              </test-case>
              <test-case id="1009" name="NonDrivingSnapshotRevokesMotionWithoutDiscardingRouteProgress" fullname="InhaExpress.Client.Tests.VehicleActorSpawnerTests.NonDrivingSnapshotRevokesMotionWithoutDiscardingRouteProgress" methodname="NonDrivingSnapshotRevokesMotionWithoutDiscardingRouteProgress" classname="InhaExpress.Client.Tests.VehicleActorSpawnerTests" runstate="Runnable" seed="1501381522" result="Passed" start-time="2026-09-26 04:41:08Z" end-time="2026-09-26 04:41:08Z" duration="0.005035" asserts="0">
                <properties>
                  <property name="retryIteration" value="0" />
                  <property name="repeatIteration" value="0" />
                </properties>
                <output><![CDATA[Spawned Unity physics actor for server vehicle spawner-test-vehicle
]]></output>
              </test-case>
              <test-suite type="ParameterizedMethod" id="1005" name="OriginalActorWrapperHasResolvedVisualAndMeasuredCollider" fullname="InhaExpress.Client.Tests.VehicleActorSpawnerTests.OriginalActorWrapperHasResolvedVisualAndMeasuredCollider" classname="InhaExpress.Client.Tests.VehicleActorSpawnerTests" runstate="Runnable" testcasecount="3" result="Passed" start-time="2026-09-26 04:41:08Z" end-time="2026-09-26 04:41:08Z" duration="0.012461" total="3" passed="3" failed="0" inconclusive="0" skipped="0" asserts="0">
                <properties />
                <test-case id="1002" name="OriginalActorWrapperHasResolvedVisualAndMeasuredCollider(&quot;VehicleActor_Default&quot;)" fullname="InhaExpress.Client.Tests.VehicleActorSpawnerTests.OriginalActorWrapperHasResolvedVisualAndMeasuredCollider(&quot;VehicleActor_Default&quot;)" methodname="OriginalActorWrapperHasResolvedVisualAndMeasuredCollider" classname="InhaExpress.Client.Tests.VehicleActorSpawnerTests" runstate="Runnable" seed="259835307" result="Passed" start-time="2026-09-26 04:41:08Z" end-time="2026-09-26 04:41:08Z" duration="0.006790" asserts="0">
                  <properties>
                    <property name="retryIteration" value="0" />
                    <property name="repeatIteration" value="0" />
                  </properties>
                </test-case>
                <test-case id="1003" name="OriginalActorWrapperHasResolvedVisualAndMeasuredCollider(&quot;VehicleActor_Annyoung&quot;)" fullname="InhaExpress.Client.Tests.VehicleActorSpawnerTests.OriginalActorWrapperHasResolvedVisualAndMeasuredCollider(&quot;VehicleActor_Annyoung&quot;)" methodname="OriginalActorWrapperHasResolvedVisualAndMeasuredCollider" classname="InhaExpress.Client.Tests.VehicleActorSpawnerTests" runstate="Runnable" seed="1145713871" result="Passed" start-time="2026-09-26 04:41:08Z" end-time="2026-09-26 04:41:08Z" duration="0.001573" asserts="0">
                  <properties>
                    <property name="retryIteration" value="0" />
                    <property name="repeatIteration" value="0" />
                  </properties>
                </test-case>
                <test-case id="1004" name="OriginalActorWrapperHasResolvedVisualAndMeasuredCollider(&quot;VehicleActor_Induck&quot;)" fullname="InhaExpress.Client.Tests.VehicleActorSpawnerTests.OriginalActorWrapperHasResolvedVisualAndMeasuredCollider(&quot;VehicleActor_Induck&quot;)" methodname="OriginalActorWrapperHasResolvedVisualAndMeasuredCollider" classname="InhaExpress.Client.Tests.VehicleActorSpawnerTests" runstate="Runnable" seed="989472774" result="Passed" start-time="2026-09-26 04:41:08Z" end-time="2026-09-26 04:41:08Z" duration="0.001234" asserts="0">
                  <properties>
                    <property name="retryIteration" value="0" />
                    <property name="repeatIteration" value="0" />
                  </properties>
                </test-case>
              </test-suite>
              <test-case id="1006" name="RebindingSpawnerReplacesActorsEvenWhenRunIdIsUnchanged" fullname="InhaExpress.Client.Tests.VehicleActorSpawnerTests.RebindingSpawnerReplacesActorsEvenWhenRunIdIsUnchanged" methodname="RebindingSpawnerReplacesActorsEvenWhenRunIdIsUnchanged" classname="InhaExpress.Client.Tests.VehicleActorSpawnerTests" runstate="Runnable" seed="728855209" result="Passed" start-time="2026-09-26 04:41:08Z" end-time="2026-09-26 04:41:08Z" duration="0.003468" asserts="0">
                <properties>
                  <property name="retryIteration" value="0" />
                  <property name="repeatIteration" value="0" />
                </properties>
                <output><![CDATA[Spawned Unity physics actor for server vehicle spawner-test-vehicle
Spawned Unity physics actor for server vehicle spawner-test-vehicle
]]></output>
              </test-case>
              <test-case id="1014" name="RejectedMapUpdateClearsPreviouslyAuthorizedRoute" fullname="InhaExpress.Client.Tests.VehicleActorSpawnerTests.RejectedMapUpdateClearsPreviouslyAuthorizedRoute" methodname="RejectedMapUpdateClearsPreviouslyAuthorizedRoute" classname="InhaExpress.Client.Tests.VehicleActorSpawnerTests" runstate="Runnable" seed="521687865" result="Passed" start-time="2026-09-26 04:41:08Z" end-time="2026-09-26 04:41:08Z" duration="0.001002" asserts="0">
                <properties>
                  <property name="retryIteration" value="0" />
                  <property name="repeatIteration" value="0" />
                </properties>
              </test-case>
              <test-case id="1007" name="ReporterRejectsUninitializedOrMobileRuntime" fullname="InhaExpress.Client.Tests.VehicleActorSpawnerTests.ReporterRejectsUninitializedOrMobileRuntime" methodname="ReporterRejectsUninitializedOrMobileRuntime" classname="InhaExpress.Client.Tests.VehicleActorSpawnerTests" runstate="Runnable" seed="637478400" result="Passed" start-time="2026-09-26 04:41:08Z" end-time="2026-09-26 04:41:08Z" duration="0.001801" asserts="0">
                <properties>
                  <property name="retryIteration" value="0" />
                  <property name="repeatIteration" value="0" />
                </properties>
              </test-case>
              <test-case id="1013" name="ReusedRouteIdWithChangedGeometryClearsRouteAndRevokesMotionAuthority" fullname="InhaExpress.Client.Tests.VehicleActorSpawnerTests.ReusedRouteIdWithChangedGeometryClearsRouteAndRevokesMotionAuthority" methodname="ReusedRouteIdWithChangedGeometryClearsRouteAndRevokesMotionAuthority" classname="InhaExpress.Client.Tests.VehicleActorSpawnerTests" runstate="Runnable" seed="725412069" result="Passed" start-time="2026-09-26 04:41:08Z" end-time="2026-09-26 04:41:08Z" duration="0.000780" asserts="0">
                <properties>
                  <property name="retryIteration" value="0" />
                  <property name="repeatIteration" value="0" />
                </properties>
              </test-case>
              <test-case id="1012" name="RouteFollowerRejectsNonSyntheticAndMismatchedMapVersions" fullname="InhaExpress.Client.Tests.VehicleActorSpawnerTests.RouteFollowerRejectsNonSyntheticAndMismatchedMapVersions" methodname="RouteFollowerRejectsNonSyntheticAndMismatchedMapVersions" classname="InhaExpress.Client.Tests.VehicleActorSpawnerTests" runstate="Runnable" seed="1177879445" result="Passed" start-time="2026-09-26 04:41:08Z" end-time="2026-09-26 04:41:08Z" duration="0.000736" asserts="0">
                <properties>
                  <property name="retryIteration" value="0" />
                  <property name="repeatIteration" value="0" />
                </properties>
              </test-case>
              <test-case id="1008" name="ServerSnapshotSpawnsActorWithConvertedPoseAndReporterIdOnlyOnce" fullname="InhaExpress.Client.Tests.VehicleActorSpawnerTests.ServerSnapshotSpawnsActorWithConvertedPoseAndReporterIdOnlyOnce" methodname="ServerSnapshotSpawnsActorWithConvertedPoseAndReporterIdOnlyOnce" classname="InhaExpress.Client.Tests.VehicleActorSpawnerTests" runstate="Runnable" seed="1723944413" result="Passed" start-time="2026-09-26 04:41:08Z" end-time="2026-09-26 04:41:09Z" duration="0.004871" asserts="0">
                <properties>
                  <property name="retryIteration" value="0" />
                  <property name="repeatIteration" value="0" />
                </properties>
                <output><![CDATA[Spawned Unity physics actor for server vehicle spawner-test-vehicle
]]></output>
              </test-case>
              <test-case id="1011" name="SnapshotWithDifferentMapVersionDoesNotSpawnOnCampusScene" fullname="InhaExpress.Client.Tests.VehicleActorSpawnerTests.SnapshotWithDifferentMapVersionDoesNotSpawnOnCampusScene" methodname="SnapshotWithDifferentMapVersionDoesNotSpawnOnCampusScene" classname="InhaExpress.Client.Tests.VehicleActorSpawnerTests" runstate="Runnable" seed="2078258861" result="Passed" start-time="2026-09-26 04:41:09Z" end-time="2026-09-26 04:41:09Z" duration="0.000716" asserts="0">
                <properties>
                  <property name="retryIteration" value="0" />
                  <property name="repeatIteration" value="0" />
                </properties>
                <output><![CDATA[Saving results to: C:/Users/Yeop/AppData/LocalLow/DefaultCompany/unity-prefabs-8bf3e1bf15d242a58a5f006af95639cc\TestResults.xml
]]></output>
              </test-case>
            </test-suite>
          </test-suite>
        </test-suite>
      </test-suite>
    </test-suite>
  </test-suite>
</test-run>