<?xml version="1.0" encoding="utf-8"?>
<test-run id="2" testcasecount="1" result="Passed" total="1" passed="1" failed="0" inconclusive="0" skipped="0" asserts="0" engine-version="3.5.0.0" clr-version="4.0.30319.42000" start-time="2026-09-26 08:40:23Z" end-time="2026-09-26 08:40:54Z" duration="30.9904834">
  <test-suite type="TestSuite" id="1012" name="unity-physics-integration-63a920eccd9143d7bb87db0883b2a6ed" fullname="unity-physics-integration-63a920eccd9143d7bb87db0883b2a6ed" runstate="Runnable" testcasecount="3" result="Passed" start-time="2026-09-26 08:40:23Z" end-time="2026-09-26 08:40:54Z" duration="30.990483" total="1" passed="1" failed="0" inconclusive="0" skipped="0" asserts="0">
    <properties>
      <property name="platform" value="PlayMode" />
    </properties>
    <test-suite type="Assembly" id="1007" name="InhaExpress.Client.Tests.PlayMode.dll" fullname="C:/Users/Yeop/Documents/GitHub/inha-autonomous-mobility/tmp/unity-physics-integration-63a920eccd9143d7bb87db0883b2a6ed/Library/ScriptAssemblies/InhaExpress.Client.Tests.PlayMode.dll" runstate="Runnable" testcasecount="3" result="Passed" start-time="2026-09-26 08:40:23Z" end-time="2026-09-26 08:40:54Z" duration="30.979104" total="1" passed="1" failed="0" inconclusive="0" skipped="0" asserts="0">
      <properties>
        <property name="_PID" value="19860" />
        <property name="_APPDOMAIN" value="Unity Child Domain" />
        <property name="platform" value="PlayMode" />
        <property name="EditorOnly" value="False" />
      </properties>
      <test-suite type="TestSuite" id="1008" name="InhaExpress" fullname="InhaExpress" runstate="Runnable" testcasecount="3" result="Passed" start-time="2026-09-26 08:40:23Z" end-time="2026-09-26 08:40:54Z" duration="30.978516" total="1" passed="1" failed="0" inconclusive="0" skipped="0" asserts="0">
        <properties />
        <test-suite type="TestSuite" id="1009" name="Client" fullname="InhaExpress.Client" runstate="Runnable" testcasecount="3" result="Passed" start-time="2026-09-26 08:40:23Z" end-time="2026-09-26 08:40:54Z" duration="30.978257" total="1" passed="1" failed="0" inconclusive="0" skipped="0" asserts="0">
          <properties />
          <test-suite type="TestSuite" id="1010" name="Tests" fullname="InhaExpress.Client.Tests" runstate="Runnable" testcasecount="3" result="Passed" start-time="2026-09-26 08:40:23Z" end-time="2026-09-26 08:40:54Z" duration="30.977978" total="1" passed="1" failed="0" inconclusive="0" skipped="0" asserts="0">
            <properties />
            <test-suite type="TestFixture" id="1001" name="CrossingServiceIntegrationTests" fullname="InhaExpress.Client.Tests.CrossingServiceIntegrationTests" classname="InhaExpress.Client.Tests.CrossingServiceIntegrationTests" runstate="Runnable" testcasecount="1" result="Passed" start-time="2026-09-26 08:40:23Z" end-time="2026-09-26 08:40:54Z" duration="30.976813" total="1" passed="1" failed="0" inconclusive="0" skipped="0" asserts="0">
              <properties />
              <test-case id="1002" name="LateralLidarCrossingStopsOutsideForwardSectorAndCompletesPassenger" fullname="InhaExpress.Client.Tests.CrossingServiceIntegrationTests.LateralLidarCrossingStopsOutsideForwardSectorAndCompletesPassenger" methodname="LateralLidarCrossingStopsOutsideForwardSectorAndCompletesPassenger" classname="InhaExpress.Client.Tests.CrossingServiceIntegrationTests" runstate="Runnable" seed="149779077" result="Passed" start-time="2026-09-26 08:40:23Z" end-time="2026-09-26 08:40:54Z" duration="30.965349" asserts="0">
                <properties>
                  <property name="_JOINTYPE" value="UnityCombinatorial" />
                  <property name="retryIteration" value="0" />
                  <property name="repeatIteration" value="0" />
                </properties>
                <output><![CDATA[Spawned Unity physics actor for server vehicle V01
Server connection ended; retrying: The remote party closed the WebSocket connection without completing the close handshake.
Server connection ended; retrying: Unable to connect to the remote server
Socket interruption: bounded stop and recovery, command sequence 41 -> 63
Spawned Unity physics actor for server vehicle V01
Recreated command actor: sequence 288 -> 290
Crossing completed: pythonControl=True, sensorACK=259, rejected=0, sampledMinClearance=0.589m, stopForward=1.342, stopLateral=4.596
Saving results to: C:\Users\Yeop\Documents\GitHub\inha-autonomous-mobility\tmp\unity-physics-integration-63a920eccd9143d7bb87db0883b2a6ed\results.xml
]]></output>
              </test-case>
            </test-suite>
          </test-suite>
        </test-suite>
      </test-suite>
    </test-suite>
  </test-suite>
</test-run>