<?xml version="1.0" encoding="utf-8"?>
<test-run id="2" testcasecount="1" result="Failed(Child)" total="1" passed="0" failed="1" inconclusive="0" skipped="0" asserts="0" engine-version="3.5.0.0" clr-version="4.0.30319.42000" start-time="2026-09-26 08:37:24Z" end-time="2026-09-26 08:37:36Z" duration="12.254567">
  <test-suite type="TestSuite" id="1012" name="unity-physics-integration-7ee8f92c7c8b42c59a4b4566d0b9c97c" fullname="unity-physics-integration-7ee8f92c7c8b42c59a4b4566d0b9c97c" runstate="Runnable" testcasecount="3" result="Failed" site="Child" start-time="2026-09-26 08:37:24Z" end-time="2026-09-26 08:37:36Z" duration="12.254567" total="1" passed="0" failed="1" inconclusive="0" skipped="0" asserts="0">
    <properties>
      <property name="platform" value="PlayMode" />
    </properties>
    <failure>
      <message><![CDATA[One or more child tests had errors]]></message>
    </failure>
    <test-suite type="Assembly" id="1007" name="InhaExpress.Client.Tests.PlayMode.dll" fullname="C:/Users/Yeop/Documents/GitHub/inha-autonomous-mobility/tmp/unity-physics-integration-7ee8f92c7c8b42c59a4b4566d0b9c97c/Library/ScriptAssemblies/InhaExpress.Client.Tests.PlayMode.dll" runstate="Runnable" testcasecount="3" result="Failed" site="Child" start-time="2026-09-26 08:37:24Z" end-time="2026-09-26 08:37:36Z" duration="12.244071" total="1" passed="0" failed="1" inconclusive="0" skipped="0" asserts="0">
      <properties>
        <property name="_PID" value="19820" />
        <property name="_APPDOMAIN" value="Unity Child Domain" />
        <property name="platform" value="PlayMode" />
        <property name="EditorOnly" value="False" />
      </properties>
      <failure>
        <message><![CDATA[One or more child tests had errors]]></message>
      </failure>
      <test-suite type="TestSuite" id="1008" name="InhaExpress" fullname="InhaExpress" runstate="Runnable" testcasecount="3" result="Failed" site="Child" start-time="2026-09-26 08:37:24Z" end-time="2026-09-26 08:37:36Z" duration="12.241221" total="1" passed="0" failed="1" inconclusive="0" skipped="0" asserts="0">
        <properties />
        <failure>
          <message><![CDATA[One or more child tests had errors]]></message>
        </failure>
        <test-suite type="TestSuite" id="1009" name="Client" fullname="InhaExpress.Client" runstate="Runnable" testcasecount="3" result="Failed" site="Child" start-time="2026-09-26 08:37:24Z" end-time="2026-09-26 08:37:36Z" duration="12.240806" total="1" passed="0" failed="1" inconclusive="0" skipped="0" asserts="0">
          <properties />
          <failure>
            <message><![CDATA[One or more child tests had errors]]></message>
          </failure>
          <test-suite type="TestSuite" id="1010" name="Tests" fullname="InhaExpress.Client.Tests" runstate="Runnable" testcasecount="3" result="Failed" site="Child" start-time="2026-09-26 08:37:24Z" end-time="2026-09-26 08:37:36Z" duration="12.240498" total="1" passed="0" failed="1" inconclusive="0" skipped="0" asserts="0">
            <properties />
            <failure>
              <message><![CDATA[One or more child tests had errors]]></message>
            </failure>
            <test-suite type="TestFixture" id="1001" name="CrossingServiceIntegrationTests" fullname="InhaExpress.Client.Tests.CrossingServiceIntegrationTests" classname="InhaExpress.Client.Tests.CrossingServiceIntegrationTests" runstate="Runnable" testcasecount="1" result="Failed" site="Child" start-time="2026-09-26 08:37:24Z" end-time="2026-09-26 08:37:36Z" duration="12.239200" total="1" passed="0" failed="1" inconclusive="0" skipped="0" asserts="0">
              <properties />
              <failure>
                <message><![CDATA[One or more child tests had errors]]></message>
              </failure>
              <test-case id="1002" name="LateralLidarCrossingStopsOutsideForwardSectorAndCompletesPassenger" fullname="InhaExpress.Client.Tests.CrossingServiceIntegrationTests.LateralLidarCrossingStopsOutsideForwardSectorAndCompletesPassenger" methodname="LateralLidarCrossingStopsOutsideForwardSectorAndCompletesPassenger" classname="InhaExpress.Client.Tests.CrossingServiceIntegrationTests" runstate="Runnable" seed="1143466479" result="Failed" start-time="2026-09-26 08:37:24Z" end-time="2026-09-26 08:37:36Z" duration="12.225229" asserts="0">
                <properties>
                  <property name="_JOINTYPE" value="UnityCombinatorial" />
                  <property name="retryIteration" value="0" />
                  <property name="repeatIteration" value="0" />
                </properties>
                <failure>
                  <message><![CDATA[  Reconnect skipped fresh-sensor recovery hold
  Expected: True
  But was:  False
]]></message>
                  <stack-trace><![CDATA[at InhaExpress.Client.Tests.CrossingServiceIntegrationTests+<Wait>d__8.MoveNext () [0x00149] in C:\Users\Yeop\Documents\GitHub\inha-autonomous-mobility\tmp\unity-physics-integration-7ee8f92c7c8b42c59a4b4566d0b9c97c\Assets\Tests\CrossingServiceIntegrationTests.cs:202
at UnityEngine.TestTools.TestEnumerator+<Execute>d__7.MoveNext () [0x0003a] in .\Library\PackageCache\com.unity.test-framework@bd7f943e9647\UnityEngine.TestRunner\NUnitExtensions\Attributes\TestEnumerator.cs:44
]]></stack-trace>
                </failure>
                <output><![CDATA[Spawned Unity physics actor for server vehicle V01
Server connection ended; retrying: The remote party closed the WebSocket connection without completing the close handshake.
Server connection ended; retrying: Unable to connect to the remote server
Saving results to: C:\Users\Yeop\Documents\GitHub\inha-autonomous-mobility\tmp\unity-physics-integration-7ee8f92c7c8b42c59a4b4566d0b9c97c\results.xml
]]></output>
              </test-case>
            </test-suite>
          </test-suite>
        </test-suite>
      </test-suite>
    </test-suite>
  </test-suite>
</test-run>