<?xml version="1.0" encoding="utf-8"?>
<test-run id="2" testcasecount="23" result="Passed" total="23" passed="23" failed="0" inconclusive="0" skipped="0" asserts="0" engine-version="3.5.0.0" clr-version="4.0.30319.42000" start-time="2026-09-26 10:29:48Z" end-time="2026-09-26 10:29:49Z" duration="0.2455314">
  <test-suite type="TestSuite" id="1000" name="unity-client-tests-2fa58ee07c7b45348a003a9ea9e859bd" fullname="unity-client-tests-2fa58ee07c7b45348a003a9ea9e859bd" runstate="Runnable" testcasecount="23" result="Passed" start-time="2026-09-26 10:29:48Z" end-time="2026-09-26 10:29:49Z" duration="0.245531" total="23" passed="23" failed="0" inconclusive="0" skipped="0" asserts="0">
    <properties>
      <property name="platform" value="EditMode" />
    </properties>
    <test-suite type="Assembly" id="1028" name="InhaExpress.Client.Tests.EditMode.dll" fullname="C:/Users/Yeop/Documents/GitHub/inha-autonomous-mobility/tmp/unity-client-tests-2fa58ee07c7b45348a003a9ea9e859bd/Library/ScriptAssemblies/InhaExpress.Client.Tests.EditMode.dll" runstate="Runnable" testcasecount="23" result="Passed" start-time="2026-09-26 10:29:48Z" end-time="2026-09-26 10:29:49Z" duration="0.234924" total="23" passed="23" failed="0" inconclusive="0" skipped="0" asserts="0">
      <properties>
        <property name="_PID" value="3568" />
        <property name="_APPDOMAIN" value="Unity Child Domain" />
        <property name="platform" value="EditMode" />
        <property name="EditorOnly" value="True" />
      </properties>
      <test-suite type="TestSuite" id="1029" name="InhaExpress" fullname="InhaExpress" runstate="Runnable" testcasecount="23" result="Passed" start-time="2026-09-26 10:29:48Z" end-time="2026-09-26 10:29:49Z" duration="0.234448" total="23" passed="23" failed="0" inconclusive="0" skipped="0" asserts="0">
        <properties />
        <test-suite type="TestSuite" id="1030" name="Client" fullname="InhaExpress.Client" runstate="Runnable" testcasecount="23" result="Passed" start-time="2026-09-26 10:29:48Z" end-time="2026-09-26 10:29:49Z" duration="0.234252" total="23" passed="23" failed="0" inconclusive="0" skipped="0" asserts="0">
          <properties />
          <test-suite type="TestSuite" id="1031" name="Tests" fullname="InhaExpress.Client.Tests" runstate="Runnable" testcasecount="23" result="Passed" start-time="2026-09-26 10:29:48Z" end-time="2026-09-26 10:29:49Z" duration="0.234036" total="23" passed="23" failed="0" inconclusive="0" skipped="0" asserts="0">
            <properties />
            <test-suite type="TestFixture" id="1001" name="FixtureClientTests" fullname="InhaExpress.Client.Tests.FixtureClientTests" classname="InhaExpress.Client.Tests.FixtureClientTests" runstate="Runnable" testcasecount="23" result="Passed" start-time="2026-09-26 10:29:48Z" end-time="2026-09-26 10:29:49Z" duration="0.233311" total="23" passed="23" failed="0" inconclusive="0" skipped="0" asserts="0">
              <properties />
              <test-case id="1015" name="AnotherSubscriberGetsNoPrivateState" fullname="InhaExpress.Client.Tests.FixtureClientTests.AnotherSubscriberGetsNoPrivateState" methodname="AnotherSubscriberGetsNoPrivateState" classname="InhaExpress.Client.Tests.FixtureClientTests" runstate="Runnable" seed="1862583187" result="Passed" start-time="2026-09-26 10:29:48Z" end-time="2026-09-26 10:29:48Z" duration="0.026998" asserts="0">
                <properties>
                  <property name="retryIteration" value="0" />
                  <property name="repeatIteration" value="0" />
                </properties>
              </test-case>
              <test-case id="1019" name="CoarseAndFinePumpsReachIdenticalRecordedStateWithoutCatchupFlood" fullname="InhaExpress.Client.Tests.FixtureClientTests.CoarseAndFinePumpsReachIdenticalRecordedStateWithoutCatchupFlood" methodname="CoarseAndFinePumpsReachIdenticalRecordedStateWithoutCatchupFlood" classname="InhaExpress.Client.Tests.FixtureClientTests" runstate="Runnable" seed="785763192" result="Passed" start-time="2026-09-26 10:29:48Z" end-time="2026-09-26 10:29:48Z" duration="0.025094" asserts="0">
                <properties>
                  <property name="retryIteration" value="0" />
                  <property name="repeatIteration" value="0" />
                </properties>
              </test-case>
              <test-case id="1020" name="CompletedReplayContinuesHeartbeats" fullname="InhaExpress.Client.Tests.FixtureClientTests.CompletedReplayContinuesHeartbeats" methodname="CompletedReplayContinuesHeartbeats" classname="InhaExpress.Client.Tests.FixtureClientTests" runstate="Runnable" seed="1652634585" result="Passed" start-time="2026-09-26 10:29:48Z" end-time="2026-09-26 10:29:48Z" duration="0.003581" asserts="0">
                <properties>
                  <property name="retryIteration" value="0" />
                  <property name="repeatIteration" value="0" />
                </properties>
              </test-case>
              <test-case id="1017" name="DeliveryInterruptionFreezesClientButNotReplayAndRestoresFullSnapshot" fullname="InhaExpress.Client.Tests.FixtureClientTests.DeliveryInterruptionFreezesClientButNotReplayAndRestoresFullSnapshot" methodname="DeliveryInterruptionFreezesClientButNotReplayAndRestoresFullSnapshot" classname="InhaExpress.Client.Tests.FixtureClientTests" runstate="Runnable" seed="813424130" result="Passed" start-time="2026-09-26 10:29:48Z" end-time="2026-09-26 10:29:48Z" duration="0.001329" asserts="0">
                <properties>
                  <property name="retryIteration" value="0" />
                  <property name="repeatIteration" value="0" />
                </properties>
              </test-case>
              <test-suite type="ParameterizedMethod" id="1005" name="EveryRecordedTickIsAValidCompleteSnapshot" fullname="InhaExpress.Client.Tests.FixtureClientTests.EveryRecordedTickIsAValidCompleteSnapshot" classname="InhaExpress.Client.Tests.FixtureClientTests" runstate="Runnable" testcasecount="2" result="Passed" start-time="2026-09-26 10:29:48Z" end-time="2026-09-26 10:29:49Z" duration="0.142771" total="2" passed="2" failed="0" inconclusive="0" skipped="0" asserts="0">
                <properties />
                <test-case id="1003" name="EveryRecordedTickIsAValidCompleteSnapshot(PC_Operator)" fullname="InhaExpress.Client.Tests.FixtureClientTests.EveryRecordedTickIsAValidCompleteSnapshot(PC_Operator)" methodname="EveryRecordedTickIsAValidCompleteSnapshot" classname="InhaExpress.Client.Tests.FixtureClientTests" runstate="Runnable" seed="1822089262" result="Passed" start-time="2026-09-26 10:29:48Z" end-time="2026-09-26 10:29:48Z" duration="0.066452" asserts="0">
                  <properties>
                    <property name="retryIteration" value="0" />
                    <property name="repeatIteration" value="0" />
                  </properties>
                </test-case>
                <test-case id="1004" name="EveryRecordedTickIsAValidCompleteSnapshot(Mobile_Passenger)" fullname="InhaExpress.Client.Tests.FixtureClientTests.EveryRecordedTickIsAValidCompleteSnapshot(Mobile_Passenger)" methodname="EveryRecordedTickIsAValidCompleteSnapshot" classname="InhaExpress.Client.Tests.FixtureClientTests" runstate="Runnable" seed="1843295096" result="Passed" start-time="2026-09-26 10:29:48Z" end-time="2026-09-26 10:29:49Z" duration="0.073424" asserts="0">
                  <properties>
                    <property name="retryIteration" value="0" />
                    <property name="repeatIteration" value="0" />
                  </properties>
                </test-case>
              </test-suite>
              <test-case id="1021" name="InvalidClocksAndDisposedUseAreRejected" fullname="InhaExpress.Client.Tests.FixtureClientTests.InvalidClocksAndDisposedUseAreRejected" methodname="InvalidClocksAndDisposedUseAreRejected" classname="InhaExpress.Client.Tests.FixtureClientTests" runstate="Runnable" seed="1701316577" result="Passed" start-time="2026-09-26 10:29:49Z" end-time="2026-09-26 10:29:49Z" duration="0.001698" asserts="0">
                <properties>
                  <property name="retryIteration" value="0" />
                  <property name="repeatIteration" value="0" />
                </properties>
              </test-case>
              <test-suite type="ParameterizedMethod" id="1027" name="LivePassengerGuidanceUsesOnlyItsAssignedVehicle" fullname="InhaExpress.Client.Tests.FixtureClientTests.LivePassengerGuidanceUsesOnlyItsAssignedVehicle" classname="InhaExpress.Client.Tests.FixtureClientTests" runstate="Runnable" testcasecount="3" result="Passed" start-time="2026-09-26 10:29:49Z" end-time="2026-09-26 10:29:49Z" duration="0.006092" total="3" passed="3" failed="0" inconclusive="0" skipped="0" asserts="0">
                <properties />
                <test-case id="1024" name="LivePassengerGuidanceUsesOnlyItsAssignedVehicle(RESOURCE_WAIT,&quot;진입 순서&quot;)" fullname="InhaExpress.Client.Tests.FixtureClientTests.LivePassengerGuidanceUsesOnlyItsAssignedVehicle(RESOURCE_WAIT,&quot;진입 순서&quot;)" methodname="LivePassengerGuidanceUsesOnlyItsAssignedVehicle" classname="InhaExpress.Client.Tests.FixtureClientTests" runstate="Runnable" seed="150992474" result="Passed" start-time="2026-09-26 10:29:49Z" end-time="2026-09-26 10:29:49Z" duration="0.004706" asserts="0">
                  <properties>
                    <property name="retryIteration" value="0" />
                    <property name="repeatIteration" value="0" />
                  </properties>
                </test-case>
                <test-case id="1025" name="LivePassengerGuidanceUsesOnlyItsAssignedVehicle(RESOURCE_STATE_UNAVAILABLE,&quot;상태 확인&quot;)" fullname="InhaExpress.Client.Tests.FixtureClientTests.LivePassengerGuidanceUsesOnlyItsAssignedVehicle(RESOURCE_STATE_UNAVAILABLE,&quot;상태 확인&quot;)" methodname="LivePassengerGuidanceUsesOnlyItsAssignedVehicle" classname="InhaExpress.Client.Tests.FixtureClientTests" runstate="Runnable" seed="798147645" result="Passed" start-time="2026-09-26 10:29:49Z" end-time="2026-09-26 10:29:49Z" duration="0.000246" asserts="0">
                  <properties>
                    <property name="retryIteration" value="0" />
                    <property name="repeatIteration" value="0" />
                  </properties>
                </test-case>
                <test-case id="1026" name="LivePassengerGuidanceUsesOnlyItsAssignedVehicle(STALE_LOCALIZATION,&quot;위치 정보&quot;)" fullname="InhaExpress.Client.Tests.FixtureClientTests.LivePassengerGuidanceUsesOnlyItsAssignedVehicle(STALE_LOCALIZATION,&quot;위치 정보&quot;)" methodname="LivePassengerGuidanceUsesOnlyItsAssignedVehicle" classname="InhaExpress.Client.Tests.FixtureClientTests" runstate="Runnable" seed="399218674" result="Passed" start-time="2026-09-26 10:29:49Z" end-time="2026-09-26 10:29:49Z" duration="0.000171" asserts="0">
                  <properties>
                    <property name="retryIteration" value="0" />
                    <property name="repeatIteration" value="0" />
                  </properties>
                </test-case>
              </test-suite>
              <test-case id="1023" name="OperatorTextKeepsUnknownObservationsSeparateFromPrior" fullname="InhaExpress.Client.Tests.FixtureClientTests.OperatorTextKeepsUnknownObservationsSeparateFromPrior" methodname="OperatorTextKeepsUnknownObservationsSeparateFromPrior" classname="InhaExpress.Client.Tests.FixtureClientTests" runstate="Runnable" seed="1780824106" result="Passed" start-time="2026-09-26 10:29:49Z" end-time="2026-09-26 10:29:49Z" duration="0.001739" asserts="0">
                <properties>
                  <property name="retryIteration" value="0" />
                  <property name="repeatIteration" value="0" />
                </properties>
              </test-case>
              <test-case id="1022" name="PassengerGuidanceRequiresMatchingStateAndReason" fullname="InhaExpress.Client.Tests.FixtureClientTests.PassengerGuidanceRequiresMatchingStateAndReason" methodname="PassengerGuidanceRequiresMatchingStateAndReason" classname="InhaExpress.Client.Tests.FixtureClientTests" runstate="Runnable" seed="648092080" result="Passed" start-time="2026-09-26 10:29:49Z" end-time="2026-09-26 10:29:49Z" duration="0.001254" asserts="0">
                <properties>
                  <property name="retryIteration" value="0" />
                  <property name="repeatIteration" value="0" />
                </properties>
              </test-case>
              <test-case id="1016" name="PauseKeepsHeartbeatFreshAtTheSameTick" fullname="InhaExpress.Client.Tests.FixtureClientTests.PauseKeepsHeartbeatFreshAtTheSameTick" methodname="PauseKeepsHeartbeatFreshAtTheSameTick" classname="InhaExpress.Client.Tests.FixtureClientTests" runstate="Runnable" seed="838209636" result="Passed" start-time="2026-09-26 10:29:49Z" end-time="2026-09-26 10:29:49Z" duration="0.000884" asserts="0">
                <properties>
                  <property name="retryIteration" value="0" />
                  <property name="repeatIteration" value="0" />
                </properties>
              </test-case>
              <test-case id="1018" name="RestartCreatesNewRunAndRetiresOldRun" fullname="InhaExpress.Client.Tests.FixtureClientTests.RestartCreatesNewRunAndRetiresOldRun" methodname="RestartCreatesNewRunAndRetiresOldRun" classname="InhaExpress.Client.Tests.FixtureClientTests" runstate="Runnable" seed="1825617299" result="Passed" start-time="2026-09-26 10:29:49Z" end-time="2026-09-26 10:29:49Z" duration="0.001059" asserts="0">
                <properties>
                  <property name="retryIteration" value="0" />
                  <property name="repeatIteration" value="0" />
                </properties>
              </test-case>
              <test-case id="1002" name="RoleProjectionAtSameTickPreservesOwnVehicleAndRequest" fullname="InhaExpress.Client.Tests.FixtureClientTests.RoleProjectionAtSameTickPreservesOwnVehicleAndRequest" methodname="RoleProjectionAtSameTickPreservesOwnVehicleAndRequest" classname="InhaExpress.Client.Tests.FixtureClientTests" runstate="Runnable" seed="1820969666" result="Passed" start-time="2026-09-26 10:29:49Z" end-time="2026-09-26 10:29:49Z" duration="0.000924" asserts="0">
                <properties>
                  <property name="retryIteration" value="0" />
                  <property name="repeatIteration" value="0" />
                </properties>
              </test-case>
              <test-suite type="ParameterizedMethod" id="1014" name="TimelineHasExplicitServiceStages" fullname="InhaExpress.Client.Tests.FixtureClientTests.TimelineHasExplicitServiceStages" classname="InhaExpress.Client.Tests.FixtureClientTests" runstate="Runnable" testcasecount="8" result="Passed" start-time="2026-09-26 10:29:49Z" end-time="2026-09-26 10:29:49Z" duration="0.003034" total="8" passed="8" failed="0" inconclusive="0" skipped="0" asserts="0">
                <properties />
                <test-case id="1006" name="TimelineHasExplicitServiceStages(0,CREATED)" fullname="InhaExpress.Client.Tests.FixtureClientTests.TimelineHasExplicitServiceStages(0,CREATED)" methodname="TimelineHasExplicitServiceStages" classname="InhaExpress.Client.Tests.FixtureClientTests" runstate="Runnable" seed="134577313" result="Passed" start-time="2026-09-26 10:29:49Z" end-time="2026-09-26 10:29:49Z" duration="0.000534" asserts="0">
                  <properties>
                    <property name="retryIteration" value="0" />
                    <property name="repeatIteration" value="0" />
                  </properties>
                </test-case>
                <test-case id="1007" name="TimelineHasExplicitServiceStages(20,VALIDATED)" fullname="InhaExpress.Client.Tests.FixtureClientTests.TimelineHasExplicitServiceStages(20,VALIDATED)" methodname="TimelineHasExplicitServiceStages" classname="InhaExpress.Client.Tests.FixtureClientTests" runstate="Runnable" seed="1276442548" result="Passed" start-time="2026-09-26 10:29:49Z" end-time="2026-09-26 10:29:49Z" duration="0.000203" asserts="0">
                  <properties>
                    <property name="retryIteration" value="0" />
                    <property name="repeatIteration" value="0" />
                  </properties>
                </test-case>
                <test-case id="1008" name="TimelineHasExplicitServiceStages(40,QUEUED)" fullname="InhaExpress.Client.Tests.FixtureClientTests.TimelineHasExplicitServiceStages(40,QUEUED)" methodname="TimelineHasExplicitServiceStages" classname="InhaExpress.Client.Tests.FixtureClientTests" runstate="Runnable" seed="2094742947" result="Passed" start-time="2026-09-26 10:29:49Z" end-time="2026-09-26 10:29:49Z" duration="0.000147" asserts="0">
                  <properties>
                    <property name="retryIteration" value="0" />
                    <property name="repeatIteration" value="0" />
                  </properties>
                </test-case>
                <test-case id="1009" name="TimelineHasExplicitServiceStages(60,ASSIGNED)" fullname="InhaExpress.Client.Tests.FixtureClientTests.TimelineHasExplicitServiceStages(60,ASSIGNED)" methodname="TimelineHasExplicitServiceStages" classname="InhaExpress.Client.Tests.FixtureClientTests" runstate="Runnable" seed="247621839" result="Passed" start-time="2026-09-26 10:29:49Z" end-time="2026-09-26 10:29:49Z" duration="0.000151" asserts="0">
                  <properties>
                    <property name="retryIteration" value="0" />
                    <property name="repeatIteration" value="0" />
                  </properties>
                </test-case>
                <test-case id="1010" name="TimelineHasExplicitServiceStages(200,PICKUP_SERVICE)" fullname="InhaExpress.Client.Tests.FixtureClientTests.TimelineHasExplicitServiceStages(200,PICKUP_SERVICE)" methodname="TimelineHasExplicitServiceStages" classname="InhaExpress.Client.Tests.FixtureClientTests" runstate="Runnable" seed="397553996" result="Passed" start-time="2026-09-26 10:29:49Z" end-time="2026-09-26 10:29:49Z" duration="0.000138" asserts="0">
                  <properties>
                    <property name="retryIteration" value="0" />
                    <property name="repeatIteration" value="0" />
                  </properties>
                </test-case>
                <test-case id="1011" name="TimelineHasExplicitServiceStages(260,IN_TRANSIT)" fullname="InhaExpress.Client.Tests.FixtureClientTests.TimelineHasExplicitServiceStages(260,IN_TRANSIT)" methodname="TimelineHasExplicitServiceStages" classname="InhaExpress.Client.Tests.FixtureClientTests" runstate="Runnable" seed="1373443407" result="Passed" start-time="2026-09-26 10:29:49Z" end-time="2026-09-26 10:29:49Z" duration="0.000139" asserts="0">
                  <properties>
                    <property name="retryIteration" value="0" />
                    <property name="repeatIteration" value="0" />
                  </properties>
                </test-case>
                <test-case id="1012" name="TimelineHasExplicitServiceStages(800,DROPOFF_SERVICE)" fullname="InhaExpress.Client.Tests.FixtureClientTests.TimelineHasExplicitServiceStages(800,DROPOFF_SERVICE)" methodname="TimelineHasExplicitServiceStages" classname="InhaExpress.Client.Tests.FixtureClientTests" runstate="Runnable" seed="553421179" result="Passed" start-time="2026-09-26 10:29:49Z" end-time="2026-09-26 10:29:49Z" duration="0.000141" asserts="0">
                  <properties>
                    <property name="retryIteration" value="0" />
                    <property name="repeatIteration" value="0" />
                  </properties>
                </test-case>
                <test-case id="1013" name="TimelineHasExplicitServiceStages(880,COMPLETED)" fullname="InhaExpress.Client.Tests.FixtureClientTests.TimelineHasExplicitServiceStages(880,COMPLETED)" methodname="TimelineHasExplicitServiceStages" classname="InhaExpress.Client.Tests.FixtureClientTests" runstate="Runnable" seed="2062683717" result="Passed" start-time="2026-09-26 10:29:49Z" end-time="2026-09-26 10:29:49Z" duration="0.000138" asserts="0">
                  <properties>
                    <property name="retryIteration" value="0" />
                    <property name="repeatIteration" value="0" />
                  </properties>
                  <output><![CDATA[Saving results to: C:\Users\Yeop\Documents\GitHub\inha-autonomous-mobility\tmp\unity-client-tests-2fa58ee07c7b45348a003a9ea9e859bd\results.xml
]]></output>
                </test-case>
              </test-suite>
            </test-suite>
          </test-suite>
        </test-suite>
      </test-suite>
    </test-suite>
  </test-suite>
</test-run>