<?xml version="1.0" encoding="utf-8"?>
<test-run id="2" testcasecount="1" result="Passed" total="1" passed="1" failed="0" inconclusive="0" skipped="0" asserts="0" engine-version="3.5.0.0" clr-version="4.0.30319.42000" start-time="2026-09-26 10:11:50Z" end-time="2026-09-26 10:12:29Z" duration="38.6373125">
  <test-suite type="TestSuite" id="1017" name="unity-physics-integration-bf1a2f614ac646959c7f12b1f3539d7b" fullname="unity-physics-integration-bf1a2f614ac646959c7f12b1f3539d7b" runstate="Runnable" testcasecount="7" result="Passed" start-time="2026-09-26 10:11:50Z" end-time="2026-09-26 10:12:29Z" duration="38.637313" total="1" passed="1" failed="0" inconclusive="0" skipped="0" asserts="0">
    <properties>
      <property name="platform" value="PlayMode" />
    </properties>
    <test-suite type="Assembly" id="1012" name="InhaExpress.Client.Tests.PlayMode.dll" fullname="C:/Users/Yeop/Documents/GitHub/inha-autonomous-mobility/tmp/unity-physics-integration-bf1a2f614ac646959c7f12b1f3539d7b/Library/ScriptAssemblies/InhaExpress.Client.Tests.PlayMode.dll" runstate="Runnable" testcasecount="7" result="Passed" start-time="2026-09-26 10:11:50Z" end-time="2026-09-26 10:12:29Z" duration="38.628398" total="1" passed="1" failed="0" inconclusive="0" skipped="0" asserts="0">
      <properties>
        <property name="_PID" value="21032" />
        <property name="_APPDOMAIN" value="Unity Child Domain" />
        <property name="platform" value="PlayMode" />
        <property name="EditorOnly" value="False" />
      </properties>
      <test-suite type="TestSuite" id="1013" name="InhaExpress" fullname="InhaExpress" runstate="Runnable" testcasecount="7" result="Passed" start-time="2026-09-26 10:11:50Z" end-time="2026-09-26 10:12:29Z" duration="38.627829" total="1" passed="1" failed="0" inconclusive="0" skipped="0" asserts="0">
        <properties />
        <test-suite type="TestSuite" id="1014" name="Client" fullname="InhaExpress.Client" runstate="Runnable" testcasecount="7" result="Passed" start-time="2026-09-26 10:11:50Z" end-time="2026-09-26 10:12:29Z" duration="38.627530" total="1" passed="1" failed="0" inconclusive="0" skipped="0" asserts="0">
          <properties />
          <test-suite type="TestSuite" id="1015" name="Tests" fullname="InhaExpress.Client.Tests" runstate="Runnable" testcasecount="7" result="Passed" start-time="2026-09-26 10:11:50Z" end-time="2026-09-26 10:12:29Z" duration="38.627197" total="1" passed="1" failed="0" inconclusive="0" skipped="0" asserts="0">
            <properties />
            <test-suite type="TestFixture" id="1006" name="ReservationServiceIntegrationTests" fullname="InhaExpress.Client.Tests.ReservationServiceIntegrationTests" classname="InhaExpress.Client.Tests.ReservationServiceIntegrationTests" runstate="Runnable" testcasecount="1" result="Passed" start-time="2026-09-26 10:11:50Z" end-time="2026-09-26 10:12:29Z" duration="38.625808" total="1" passed="1" failed="0" inconclusive="0" skipped="0" asserts="0">
              <properties />
              <test-case id="1007" name="OpposingVehiclesSerializeOrRetainFailedOccupant" fullname="InhaExpress.Client.Tests.ReservationServiceIntegrationTests.OpposingVehiclesSerializeOrRetainFailedOccupant" methodname="OpposingVehiclesSerializeOrRetainFailedOccupant" classname="InhaExpress.Client.Tests.ReservationServiceIntegrationTests" runstate="Runnable" seed="1000109620" result="Passed" start-time="2026-09-26 10:11:50Z" end-time="2026-09-26 10:12:29Z" duration="38.612943" asserts="0">
                <properties>
                  <property name="_JOINTYPE" value="UnityCombinatorial" />
                  <property name="retryIteration" value="0" />
                  <property name="repeatIteration" value="0" />
                </properties>
                <output><![CDATA[Spawned Unity physics actor for server vehicle V01
Spawned Unity physics actor for server vehicle V02
Opposing fleet: fault=True, entries=V02, sensorACK=486, rejected=0, expectedStale=199, completed=0
Saving results to: C:\Users\Yeop\Documents\GitHub\inha-autonomous-mobility\tmp\unity-physics-integration-bf1a2f614ac646959c7f12b1f3539d7b\results.xml
]]></output>
              </test-case>
            </test-suite>
          </test-suite>
        </test-suite>
      </test-suite>
    </test-suite>
  </test-suite>
</test-run>