<?xml version="1.0" encoding="utf-8"?>
<test-run id="2" testcasecount="1" result="Passed" total="1" passed="1" failed="0" inconclusive="0" skipped="0" asserts="0" engine-version="3.5.0.0" clr-version="4.0.30319.42000" start-time="2026-09-26 04:59:47Z" end-time="2026-09-26 05:00:27Z" duration="39.4793128">
  <test-suite type="TestSuite" id="1008" name="unity-physics-integration-93cd52597ee94675a50d7ba019f17194" fullname="unity-physics-integration-93cd52597ee94675a50d7ba019f17194" runstate="Runnable" testcasecount="1" result="Passed" start-time="2026-09-26 04:59:47Z" end-time="2026-09-26 05:00:27Z" duration="39.479313" total="1" passed="1" failed="0" inconclusive="0" skipped="0" asserts="0">
    <properties>
      <property name="platform" value="PlayMode" />
    </properties>
    <test-suite type="Assembly" id="1003" name="InhaExpress.Client.Tests.PlayMode.dll" fullname="C:/Users/Yeop/Documents/GitHub/inha-autonomous-mobility/tmp/unity-physics-integration-93cd52597ee94675a50d7ba019f17194/Library/ScriptAssemblies/InhaExpress.Client.Tests.PlayMode.dll" runstate="Runnable" testcasecount="1" result="Passed" start-time="2026-09-26 04:59:47Z" end-time="2026-09-26 05:00:27Z" duration="39.470640" total="1" passed="1" failed="0" inconclusive="0" skipped="0" asserts="0">
      <properties>
        <property name="_PID" value="3672" />
        <property name="_APPDOMAIN" value="Unity Child Domain" />
        <property name="platform" value="PlayMode" />
        <property name="EditorOnly" value="False" />
      </properties>
      <test-suite type="TestSuite" id="1004" name="InhaExpress" fullname="InhaExpress" runstate="Runnable" testcasecount="1" result="Passed" start-time="2026-09-26 04:59:47Z" end-time="2026-09-26 05:00:27Z" duration="39.470256" total="1" passed="1" failed="0" inconclusive="0" skipped="0" asserts="0">
        <properties />
        <test-suite type="TestSuite" id="1005" name="Client" fullname="InhaExpress.Client" runstate="Runnable" testcasecount="1" result="Passed" start-time="2026-09-26 04:59:47Z" end-time="2026-09-26 05:00:27Z" duration="39.470089" total="1" passed="1" failed="0" inconclusive="0" skipped="0" asserts="0">
          <properties />
          <test-suite type="TestSuite" id="1006" name="Tests" fullname="InhaExpress.Client.Tests" runstate="Runnable" testcasecount="1" result="Passed" start-time="2026-09-26 04:59:47Z" end-time="2026-09-26 05:00:27Z" duration="39.469897" total="1" passed="1" failed="0" inconclusive="0" skipped="0" asserts="0">
            <properties />
            <test-suite type="TestFixture" id="1001" name="VehicleServiceIntegrationTests" fullname="InhaExpress.Client.Tests.VehicleServiceIntegrationTests" classname="InhaExpress.Client.Tests.VehicleServiceIntegrationTests" runstate="Runnable" testcasecount="1" result="Passed" start-time="2026-09-26 04:59:47Z" end-time="2026-09-26 05:00:27Z" duration="39.468833" total="1" passed="1" failed="0" inconclusive="0" skipped="0" asserts="0">
              <properties />
              <test-case id="1002" name="MobilePassengerAndOperatorCargoCompleteUsingPhysicsSensorStopAndRecovery" fullname="InhaExpress.Client.Tests.VehicleServiceIntegrationTests.MobilePassengerAndOperatorCargoCompleteUsingPhysicsSensorStopAndRecovery" methodname="MobilePassengerAndOperatorCargoCompleteUsingPhysicsSensorStopAndRecovery" classname="InhaExpress.Client.Tests.VehicleServiceIntegrationTests" runstate="Runnable" seed="1593114670" result="Passed" start-time="2026-09-26 04:59:47Z" end-time="2026-09-26 05:00:27Z" duration="39.456349" asserts="0">
                <properties>
                  <property name="_JOINTYPE" value="UnityCombinatorial" />
                  <property name="Category" value="PythonIntegration" />
                  <property name="retryIteration" value="0" />
                  <property name="repeatIteration" value="0" />
                </properties>
                <output><![CDATA[Integration sensor mode: RADAR range-rate abstraction
Spawned Unity physics actor for server vehicle V01
Spawned Unity physics actor for server vehicle V01
Physics passenger/cargo completed: poseACK=348, sensorACK=348, rejectedSensor=0
Saving results to: C:\Users\Yeop\Documents\GitHub\inha-autonomous-mobility\tmp\unity-physics-integration-93cd52597ee94675a50d7ba019f17194\results.xml
]]></output>
              </test-case>
            </test-suite>
          </test-suite>
        </test-suite>
      </test-suite>
    </test-suite>
  </test-suite>
</test-run>