<?xml version="1.0" encoding="utf-8"?>
<test-run id="2" testcasecount="1" result="Passed" total="1" passed="1" failed="0" inconclusive="0" skipped="0" asserts="0" engine-version="3.5.0.0" clr-version="4.0.30319.42000" start-time="2026-09-26 07:55:10Z" end-time="2026-09-26 07:55:33Z" duration="23.4772171">
  <test-suite type="TestSuite" id="1012" name="unity-physics-integration-79e90043eaed4dd6b1a3f882d69c5300" fullname="unity-physics-integration-79e90043eaed4dd6b1a3f882d69c5300" runstate="Runnable" testcasecount="3" result="Passed" start-time="2026-09-26 07:55:10Z" end-time="2026-09-26 07:55:33Z" duration="23.477217" total="1" passed="1" failed="0" inconclusive="0" skipped="0" asserts="0">
    <properties>
      <property name="platform" value="PlayMode" />
    </properties>
    <test-suite type="Assembly" id="1007" name="InhaExpress.Client.Tests.PlayMode.dll" fullname="C:/Users/Yeop/Documents/GitHub/inha-autonomous-mobility/tmp/unity-physics-integration-79e90043eaed4dd6b1a3f882d69c5300/Library/ScriptAssemblies/InhaExpress.Client.Tests.PlayMode.dll" runstate="Runnable" testcasecount="3" result="Passed" start-time="2026-09-26 07:55:10Z" end-time="2026-09-26 07:55:33Z" duration="23.467701" total="1" passed="1" failed="0" inconclusive="0" skipped="0" asserts="0">
      <properties>
        <property name="_PID" value="1224" />
        <property name="_APPDOMAIN" value="Unity Child Domain" />
        <property name="platform" value="PlayMode" />
        <property name="EditorOnly" value="False" />
      </properties>
      <test-suite type="TestSuite" id="1008" name="InhaExpress" fullname="InhaExpress" runstate="Runnable" testcasecount="3" result="Passed" start-time="2026-09-26 07:55:10Z" end-time="2026-09-26 07:55:33Z" duration="23.465129" total="1" passed="1" failed="0" inconclusive="0" skipped="0" asserts="0">
        <properties />
        <test-suite type="TestSuite" id="1009" name="Client" fullname="InhaExpress.Client" runstate="Runnable" testcasecount="3" result="Passed" start-time="2026-09-26 07:55:10Z" end-time="2026-09-26 07:55:33Z" duration="23.464888" total="1" passed="1" failed="0" inconclusive="0" skipped="0" asserts="0">
          <properties />
          <test-suite type="TestSuite" id="1010" name="Tests" fullname="InhaExpress.Client.Tests" runstate="Runnable" testcasecount="3" result="Passed" start-time="2026-09-26 07:55:10Z" end-time="2026-09-26 07:55:33Z" duration="23.464621" total="1" passed="1" failed="0" inconclusive="0" skipped="0" asserts="0">
            <properties />
            <test-suite type="TestFixture" id="1001" name="CrossingServiceIntegrationTests" fullname="InhaExpress.Client.Tests.CrossingServiceIntegrationTests" classname="InhaExpress.Client.Tests.CrossingServiceIntegrationTests" runstate="Runnable" testcasecount="1" result="Passed" start-time="2026-09-26 07:55:10Z" end-time="2026-09-26 07:55:33Z" duration="23.463405" total="1" passed="1" failed="0" inconclusive="0" skipped="0" asserts="0">
              <properties />
              <test-case id="1002" name="LateralLidarCrossingStopsOutsideForwardSectorAndCompletesPassenger" fullname="InhaExpress.Client.Tests.CrossingServiceIntegrationTests.LateralLidarCrossingStopsOutsideForwardSectorAndCompletesPassenger" methodname="LateralLidarCrossingStopsOutsideForwardSectorAndCompletesPassenger" classname="InhaExpress.Client.Tests.CrossingServiceIntegrationTests" runstate="Runnable" seed="8587231" result="Passed" start-time="2026-09-26 07:55:10Z" end-time="2026-09-26 07:55:33Z" duration="23.451439" asserts="0">
                <properties>
                  <property name="_JOINTYPE" value="UnityCombinatorial" />
                  <property name="retryIteration" value="0" />
                  <property name="repeatIteration" value="0" />
                </properties>
                <output><![CDATA[Spawned Unity physics actor for server vehicle V01
Crossing completed: sensorACK=208, rejected=0, sampledMinClearance=0.752m, stopForward=1.637, stopLateral=4.600
Saving results to: C:\Users\Yeop\Documents\GitHub\inha-autonomous-mobility\tmp\unity-physics-integration-79e90043eaed4dd6b1a3f882d69c5300\results.xml
]]></output>
              </test-case>
            </test-suite>
          </test-suite>
        </test-suite>
      </test-suite>
    </test-suite>
  </test-suite>
</test-run>