<?xml version="1.0" encoding="utf-8"?>
<test-run id="2" testcasecount="11" result="Passed" total="11" passed="11" failed="0" inconclusive="0" skipped="0" asserts="0" engine-version="3.5.0.0" clr-version="4.0.30319.42000" start-time="2026-09-26 08:27:30Z" end-time="2026-09-26 08:27:46Z" duration="15.7632301">
  <test-suite type="TestSuite" id="1018" name="unity-follower-0a5073dad0f447449d09c27c6863510a" fullname="unity-follower-0a5073dad0f447449d09c27c6863510a" runstate="Runnable" testcasecount="11" result="Passed" start-time="2026-09-26 08:27:30Z" end-time="2026-09-26 08:27:46Z" duration="15.763230" total="11" passed="11" failed="0" inconclusive="0" skipped="0" asserts="0">
    <properties>
      <property name="platform" value="PlayMode" />
    </properties>
    <test-suite type="Assembly" id="1013" name="InhaExpress.Client.Tests.PlayMode.dll" fullname="C:/Users/Yeop/Documents/GitHub/inha-autonomous-mobility/tmp/unity-follower-0a5073dad0f447449d09c27c6863510a/Library/ScriptAssemblies/InhaExpress.Client.Tests.PlayMode.dll" runstate="Runnable" testcasecount="11" result="Passed" start-time="2026-09-26 08:27:30Z" end-time="2026-09-26 08:27:46Z" duration="15.753032" total="11" passed="11" failed="0" inconclusive="0" skipped="0" asserts="0">
      <properties>
        <property name="_PID" value="22308" />
        <property name="_APPDOMAIN" value="Unity Child Domain" />
        <property name="platform" value="PlayMode" />
        <property name="EditorOnly" value="False" />
      </properties>
      <test-suite type="TestSuite" id="1014" name="InhaExpress" fullname="InhaExpress" runstate="Runnable" testcasecount="11" result="Passed" start-time="2026-09-26 08:27:30Z" end-time="2026-09-26 08:27:46Z" duration="15.752614" total="11" passed="11" failed="0" inconclusive="0" skipped="0" asserts="0">
        <properties />
        <test-suite type="TestSuite" id="1015" name="Client" fullname="InhaExpress.Client" runstate="Runnable" testcasecount="11" result="Passed" start-time="2026-09-26 08:27:30Z" end-time="2026-09-26 08:27:46Z" duration="15.752446" total="11" passed="11" failed="0" inconclusive="0" skipped="0" asserts="0">
          <properties />
          <test-suite type="TestSuite" id="1016" name="Tests" fullname="InhaExpress.Client.Tests" runstate="Runnable" testcasecount="11" result="Passed" start-time="2026-09-26 08:27:30Z" end-time="2026-09-26 08:27:46Z" duration="15.752258" total="11" passed="11" failed="0" inconclusive="0" skipped="0" asserts="0">
            <properties />
            <test-suite type="TestFixture" id="1001" name="VehicleRouteFollowerPlayModeTests" fullname="InhaExpress.Client.Tests.VehicleRouteFollowerPlayModeTests" classname="InhaExpress.Client.Tests.VehicleRouteFollowerPlayModeTests" runstate="Runnable" testcasecount="11" result="Passed" start-time="2026-09-26 08:27:30Z" end-time="2026-09-26 08:27:46Z" duration="15.751172" total="11" passed="11" failed="0" inconclusive="0" skipped="0" asserts="0">
              <properties />
              <test-case id="1004" name="FollowerHonorsServerSegmentSpeedLimit" fullname="InhaExpress.Client.Tests.VehicleRouteFollowerPlayModeTests.FollowerHonorsServerSegmentSpeedLimit" methodname="FollowerHonorsServerSegmentSpeedLimit" classname="InhaExpress.Client.Tests.VehicleRouteFollowerPlayModeTests" runstate="Runnable" seed="673271250" result="Passed" start-time="2026-09-26 08:27:30Z" end-time="2026-09-26 08:27:31Z" duration="0.846724" asserts="0">
                <properties>
                  <property name="_JOINTYPE" value="UnityCombinatorial" />
                  <property name="retryIteration" value="0" />
                  <property name="repeatIteration" value="0" />
                </properties>
              </test-case>
              <test-case id="1003" name="FollowerMovesAlongSyntheticRouteAndStopsNearEndpoint" fullname="InhaExpress.Client.Tests.VehicleRouteFollowerPlayModeTests.FollowerMovesAlongSyntheticRouteAndStopsNearEndpoint" methodname="FollowerMovesAlongSyntheticRouteAndStopsNearEndpoint" classname="InhaExpress.Client.Tests.VehicleRouteFollowerPlayModeTests" runstate="Runnable" seed="608991692" result="Passed" start-time="2026-09-26 08:27:31Z" end-time="2026-09-26 08:27:33Z" duration="1.633106" asserts="0">
                <properties>
                  <property name="_JOINTYPE" value="UnityCombinatorial" />
                  <property name="retryIteration" value="0" />
                  <property name="repeatIteration" value="0" />
                </properties>
              </test-case>
              <test-case id="1002" name="HighServerSpeedStillHonorsLocalPreviewMaximum" fullname="InhaExpress.Client.Tests.VehicleRouteFollowerPlayModeTests.HighServerSpeedStillHonorsLocalPreviewMaximum" methodname="HighServerSpeedStillHonorsLocalPreviewMaximum" classname="InhaExpress.Client.Tests.VehicleRouteFollowerPlayModeTests" runstate="Runnable" seed="807119531" result="Passed" start-time="2026-09-26 08:27:33Z" end-time="2026-09-26 08:27:36Z" duration="3.015273" asserts="0">
                <properties>
                  <property name="_JOINTYPE" value="UnityCombinatorial" />
                  <property name="retryIteration" value="0" />
                  <property name="repeatIteration" value="0" />
                </properties>
              </test-case>
              <test-case id="1005" name="NewFollowerAttachesToNearestRemainingRouteSegment" fullname="InhaExpress.Client.Tests.VehicleRouteFollowerPlayModeTests.NewFollowerAttachesToNearestRemainingRouteSegment" methodname="NewFollowerAttachesToNearestRemainingRouteSegment" classname="InhaExpress.Client.Tests.VehicleRouteFollowerPlayModeTests" runstate="Runnable" seed="364324544" result="Passed" start-time="2026-09-26 08:27:36Z" end-time="2026-09-26 08:27:36Z" duration="0.319554" asserts="0">
                <properties>
                  <property name="_JOINTYPE" value="UnityCombinatorial" />
                  <property name="retryIteration" value="0" />
                  <property name="repeatIteration" value="0" />
                </properties>
              </test-case>
              <test-case id="1006" name="NewFollowerRejectsRouteOutsideAttachTolerance" fullname="InhaExpress.Client.Tests.VehicleRouteFollowerPlayModeTests.NewFollowerRejectsRouteOutsideAttachTolerance" methodname="NewFollowerRejectsRouteOutsideAttachTolerance" classname="InhaExpress.Client.Tests.VehicleRouteFollowerPlayModeTests" runstate="Runnable" seed="512663995" result="Passed" start-time="2026-09-26 08:27:36Z" end-time="2026-09-26 08:27:36Z" duration="0.001735" asserts="0">
                <properties>
                  <property name="_JOINTYPE" value="UnityCombinatorial" />
                  <property name="retryIteration" value="0" />
                  <property name="repeatIteration" value="0" />
                </properties>
              </test-case>
              <test-case id="1011" name="PythonCommandExpiryBrakesWithPhysicalTravelAndDisablesFollower" fullname="InhaExpress.Client.Tests.VehicleRouteFollowerPlayModeTests.PythonCommandExpiryBrakesWithPhysicalTravelAndDisablesFollower" methodname="PythonCommandExpiryBrakesWithPhysicalTravelAndDisablesFollower" classname="InhaExpress.Client.Tests.VehicleRouteFollowerPlayModeTests" runstate="Runnable" seed="1644705559" result="Passed" start-time="2026-09-26 08:27:36Z" end-time="2026-09-26 08:27:38Z" duration="2.019325" asserts="0">
                <properties>
                  <property name="_JOINTYPE" value="UnityCombinatorial" />
                  <property name="retryIteration" value="0" />
                  <property name="repeatIteration" value="0" />
                </properties>
              </test-case>
              <test-case id="1012" name="PythonCommandRejectsWrongContextAndOldOrFuturePose" fullname="InhaExpress.Client.Tests.VehicleRouteFollowerPlayModeTests.PythonCommandRejectsWrongContextAndOldOrFuturePose" methodname="PythonCommandRejectsWrongContextAndOldOrFuturePose" classname="InhaExpress.Client.Tests.VehicleRouteFollowerPlayModeTests" runstate="Runnable" seed="1957497608" result="Passed" start-time="2026-09-26 08:27:38Z" end-time="2026-09-26 08:27:38Z" duration="0.018546" asserts="0">
                <properties>
                  <property name="_JOINTYPE" value="UnityCombinatorial" />
                  <property name="retryIteration" value="0" />
                  <property name="repeatIteration" value="0" />
                </properties>
              </test-case>
              <test-case id="1010" name="ReverseRouteBrakesAlongExistingDirectionBeforeRotating" fullname="InhaExpress.Client.Tests.VehicleRouteFollowerPlayModeTests.ReverseRouteBrakesAlongExistingDirectionBeforeRotating" methodname="ReverseRouteBrakesAlongExistingDirectionBeforeRotating" classname="InhaExpress.Client.Tests.VehicleRouteFollowerPlayModeTests" runstate="Runnable" seed="1994814950" result="Passed" start-time="2026-09-26 08:27:38Z" end-time="2026-09-26 08:27:42Z" duration="4.020293" asserts="0">
                <properties>
                  <property name="_JOINTYPE" value="UnityCombinatorial" />
                  <property name="retryIteration" value="0" />
                  <property name="repeatIteration" value="0" />
                </properties>
              </test-case>
              <test-case id="1008" name="RevokedAuthorityStopsFreshSnapshotsAndResumesCurrentRoute" fullname="InhaExpress.Client.Tests.VehicleRouteFollowerPlayModeTests.RevokedAuthorityStopsFreshSnapshotsAndResumesCurrentRoute" methodname="RevokedAuthorityStopsFreshSnapshotsAndResumesCurrentRoute" classname="InhaExpress.Client.Tests.VehicleRouteFollowerPlayModeTests" runstate="Runnable" seed="1103065054" result="Passed" start-time="2026-09-26 08:27:42Z" end-time="2026-09-26 08:27:43Z" duration="1.100780" asserts="0">
                <properties>
                  <property name="_JOINTYPE" value="UnityCombinatorial" />
                  <property name="retryIteration" value="0" />
                  <property name="repeatIteration" value="0" />
                </properties>
              </test-case>
              <test-case id="1007" name="StaleRouteStopsFurtherRigidBodyMovement" fullname="InhaExpress.Client.Tests.VehicleRouteFollowerPlayModeTests.StaleRouteStopsFurtherRigidBodyMovement" methodname="StaleRouteStopsFurtherRigidBodyMovement" classname="InhaExpress.Client.Tests.VehicleRouteFollowerPlayModeTests" runstate="Runnable" seed="1261279919" result="Passed" start-time="2026-09-26 08:27:43Z" end-time="2026-09-26 08:27:44Z" duration="1.068465" asserts="0">
                <properties>
                  <property name="_JOINTYPE" value="UnityCombinatorial" />
                  <property name="retryIteration" value="0" />
                  <property name="repeatIteration" value="0" />
                </properties>
              </test-case>
              <test-case id="1009" name="TerminalWaypointPreservesPhysicalBrakingTravel" fullname="InhaExpress.Client.Tests.VehicleRouteFollowerPlayModeTests.TerminalWaypointPreservesPhysicalBrakingTravel" methodname="TerminalWaypointPreservesPhysicalBrakingTravel" classname="InhaExpress.Client.Tests.VehicleRouteFollowerPlayModeTests" runstate="Runnable" seed="1535576044" result="Passed" start-time="2026-09-26 08:27:44Z" end-time="2026-09-26 08:27:46Z" duration="1.689754" asserts="0">
                <properties>
                  <property name="_JOINTYPE" value="UnityCombinatorial" />
                  <property name="retryIteration" value="0" />
                  <property name="repeatIteration" value="0" />
                </properties>
                <output><![CDATA[Saving results to: C:\Users\Yeop\Documents\GitHub\inha-autonomous-mobility\tmp\unity-follower-0a5073dad0f447449d09c27c6863510a\results.xml
]]></output>
              </test-case>
            </test-suite>
          </test-suite>
        </test-suite>
      </test-suite>
    </test-suite>
  </test-suite>
</test-run>